<?xml version="1.0" encoding="UTF-8" ?>
<testsuite errors="0" failures="0" hostname="gradovich" name="pkg2_lesson.CalcTest" tests="2" time="0.103" timestamp="2011-10-06T16:07:49">
  <properties>
    <property name="default.javac.source" value="1.6" />
    <property name="file.encoding.pkg" value="sun.io" />
    <property name="libs.toplink.maven-pom" value="" />
    <property name="javac.source" value="1.6" />
    <property name="netbeans.system_http_proxy" value="DIRECT" />
    <property name="java.home" value="C:\Program Files\Java\jdk1.6.0_20\jre" />
    <property name="libs.eclipselinkmodelgen.classpath" value="C:\Program Files\NetBeans 7.0.1\java\modules\ext\eclipselink\eclipselink-jpa-modelgen-2.2.0.jar" />
    <property name="do.archive+manifest.available+main.class" value="true" />
    <property name="test.src.dir" value="test" />
    <property name="libs.jaxws21.src" value="" />
    <property name="javadoc.version" value="false" />
    <property name="libs.CopyLibs.classpath" value="C:\Program Files\NetBeans 7.0.1\java\ant\extra\org-netbeans-modules-java-j2seproject-copylibstask.jar" />
    <property name="libs.javac-api.src" value="" />
    <property name="java.endorsed.dirs" value="C:\Program Files\Java\jdk1.6.0_20\jre\lib\endorsed" />
    <property name="libs.MySQLDriver.classpath" value="C:\Program Files\NetBeans 7.0.1\ide\modules\ext\mysql-connector-java-5.1.13-bin.jar" />
    <property name="libs.jaxb.javadoc" value="C:\Program Files\NetBeans 7.0.1\ide\docs\jaxb-api-doc.zip" />
    <property name="libs.junit.maven-pom" value="" />
    <property name="libs.PostgreSQLDriver.src" value="" />
    <property name="src.dir" value="src" />
    <property name="sun.java2d.noddraw" value="true" />
    <property name="debug-args-line" value="-Xdebug" />
    <property name="netbeans.hash.code" value="unique=NB_JAVA092b6106d-4908-405c-aa72-63abfdcb4380_9cbbd9e7-6718-4f06-ad96-25625167eeb1" />
    <property name="build.sysclasspath" value="ignore" />
    <property name="have.sources" value="true" />
    <property name="includes" value="**" />
    <property name="javac.fork" value="true" />
    <property name="source.encoding" value="UTF-8" />
    <property name="libs.jaxws21.classpath" value="C:\Program Files\NetBeans 7.0.1\ide\modules\ext\jaxb\jaxb-impl.jar;C:\Program Files\NetBeans 7.0.1\ide\modules\ext\jaxb\jaxb-xjc.jar;C:\Program Files\NetBeans 7.0.1\java\modules\ext\jaxws22\FastInfoset.jar;C:\Program Files\NetBeans 7.0.1\java\modules\ext\jaxws22\gmbal-api-only.jar;C:\Program Files\NetBeans 7.0.1\java\modules\ext\jaxws22\http.jar;C:\Program Files\NetBeans 7.0.1\java\modules\ext\jaxws22\jaxws-rt.jar;C:\Program Files\NetBeans 7.0.1\java\modules\ext\jaxws22\jaxws-tools.jar;C:\Program Files\NetBeans 7.0.1\java\modules\ext\jaxws22\management-api.jar;C:\Program Files\NetBeans 7.0.1\java\modules\ext\jaxws22\mimepull.jar;C:\Program Files\NetBeans 7.0.1\java\modules\ext\jaxws22\policy.jar;C:\Program Files\NetBeans 7.0.1\java\modules\ext\jaxws22\saaj-impl.jar;C:\Program Files\NetBeans 7.0.1\java\modules\ext\jaxws22\stax-ex.jar;C:\Program Files\NetBeans 7.0.1\java\modules\ext\jaxws22\streambuffer.jar;C:\Program Files\NetBeans 7.0.1\java\modules\ext\jaxws22\woodstox.jar;C:\Program Files\NetBeans 7.0.1\java\modules\ext\jaxws22\api\jaxws-api.jar;C:\Program Files\NetBeans 7.0.1\java\modules\ext\jaxws22\api\jsr181-api.jar;C:\Program Files\NetBeans 7.0.1\java\modules\ext\jaxws22\api\jsr250-api.jar;C:\Program Files\NetBeans 7.0.1\java\modules\ext\jaxws22\api\saaj-api.jar;C:\Program Files\NetBeans 7.0.1\ide\modules\ext\jaxb\activation.jar;C:\Program Files\NetBeans 7.0.1\ide\modules\ext\jaxb\api\jaxb-api.jar;C:\Program Files\NetBeans 7.0.1\ide\modules\ext\jaxb\api\jsr173_api.jar" />
    <property name="libs.swing-app-framework.javadoc" value="C:\Program Files\NetBeans 7.0.1\java\docs\appframework-1.0.3-doc.zip" />
    <property name="sun.os.patch.level" value="Service Pack 1" />
    <property name="java.vendor.url" value="http://java.sun.com/" />
    <property name="java.version" value="1.6.0_20" />
    <property name="nb.show.statistics.ui" value="usageStatisticsEnabled" />
    <property name="javac.debug" value="true" />
    <property name="org.openide.major.version" value="IDE/1" />
    <property name="run.classpath" value=":build/classes" />
    <property name="libs.PostgreSQLDriver.maven-pom" value="" />
    <property name="java.vendor.url.bug" value="http://java.sun.com/cgi-bin/bugreport.cgi" />
    <property name="netbeans.autoupdate.variant" value="" />
    <property name="libs.eclipselink.javadoc" value="" />
    <property name="libs.absolutelayout.javadoc" value="" />
    <property name="libs.junit_4.maven-pom" value="" />
    <property name="netbeans.buildnumber" value="201107282000" />
    <property name="ant.project.invoked-targets" value="test" />
    <property name="annotation.processing.run.all.processors" value="true" />
    <property name="manifest.file" value="manifest.mf" />
    <property name="libs.swing-app-framework.maven-pom" value="" />
    <property name="user.name" value="sergey.gradovich" />
    <property name="manifest.available+main.class+mkdist.available" value="true" />
    <property name="libs.eclipselinkmodelgen.src" value="" />
    <property name="empty.dir" value="C:\Users\sergey.gradovich\My Dropbox\NetbeansProjects\2_Lesson\build\empty" />
    <property name="sun.io.unicode.encoding" value="UnicodeLittle" />
    <property name="sun.jnu.encoding" value="Cp1251" />
    <property name="java.runtime.name" value="Java(TM) SE Runtime Environment" />
    <property name="jdk.home" value="C:\Program Files\Java\jdk1.6.0_20" />
    <property name="sun.awt.keepWorkingSetOnMinimize" value="true" />
    <property name="netbeans.autoupdate.version" value="1.23" />
    <property name="netbeans.dirs" value="C:\Program Files\NetBeans 7.0.1\nb;C:\Program Files\NetBeans 7.0.1\ergonomics;C:\Program Files\NetBeans 7.0.1\ide;C:\Program Files\NetBeans 7.0.1\java;C:\Program Files\NetBeans 7.0.1\xml;C:\Program Files\NetBeans 7.0.1\apisupport;C:\Program Files\NetBeans 7.0.1\webcommon;C:\Program Files\NetBeans 7.0.1\websvccommon;C:\Program Files\NetBeans 7.0.1\enterprise;C:\Program Files\NetBeans 7.0.1\mobility;C:\Program Files\NetBeans 7.0.1\profiler;C:\Program Files\NetBeans 7.0.1\ruby;C:\Program Files\NetBeans 7.0.1\python;C:\Program Files\NetBeans 7.0.1\php;C:\Program Files\NetBeans 7.0.1\visualweb;C:\Program Files\NetBeans 7.0.1\soa;C:\Program Files\NetBeans 7.0.1\identity;C:\Program Files\NetBeans 7.0.1\uml;C:\Program Files\NetBeans 7.0.1\harness;C:\Program Files\NetBeans 7.0.1\cnd;C:\Program Files\NetBeans 7.0.1\dlight;C:\Program Files\NetBeans 7.0.1\groovy;C:\Program Files\NetBeans 7.0.1\extra;C:\Program Files\NetBeans 7.0.1\javafx;C:\Program Files\NetBeans 7.0.1\javacard" />
    <property name="main.class.available" value="true" />
    <property name="java.specification.name" value="Java Platform API Specification" />
    <property name="javadoc.author" value="false" />
    <property name="libs.hibernate-support.javadoc" value="" />
    <property name="ap.proc.none.internal" value="" />
    <property name="user.timezone" value="" />
    <property name="manifest.available" value="true" />
    <property name="libs.spring-framework.maven-pom" value="" />
    <property name="libs.swing-layout.maven-pom" value="" />
    <property name="libs.junit.javadoc" value="C:\Program Files\NetBeans 7.0.1\java\docs\junit-3.8.2-api.zip" />
    <property name="org.openide.specification.version" value="6.2" />
    <property name="path.separator" value=";" />
    <property name="version-output" value="java version &quot;1.6" />
    <property name="libs.ejb3-persistence.src" value="" />
    <property name="libs.absolutelayout.classpath" value="C:\Program Files\NetBeans 7.0.1\java\modules\ext\AbsoluteLayout.jar" />
    <property name="libs.jaxb.maven-pom" value="" />
    <property name="netbeans.accept_license_class" value="org.netbeans.license.AcceptLicense" />
    <property name="file.encoding" value="Cp1251" />
    <property name="libs.eclipselink.src" value="" />
    <property name="dist.javadoc.dir" value="dist/javadoc" />
    <property name="ant.project.default-target" value="default" />
    <property name="libs.hibernate-persistence.javadoc" value="" />
    <property name="libs.ejb3-persistence.classpath" value="C:\Program Files\NetBeans 7.0.1\java\modules\ext\hibernate\ejb3-persistence.jar" />
    <property name="built-jar.properties" value="C:\Users\sergey.gradovich\My Dropbox\NetbeansProjects\2_Lesson\build\built-jar.properties" />
    <property name="libs.junit.src" value="" />
    <property name="ant.junit.enabletestlistenerevents" value="true" />
    <property name="ant.file" value="C:\Users\sergey.gradovich\My Dropbox\NetbeansProjects\2_Lesson\build.xml" />
    <property name="libs.junit_4.src" value="C:\Program Files\NetBeans 7.0.1\java\docs\junit-4.8.2-src.jar" />
    <property name="netbeans.autoupdate.language" value="en" />
    <property name="java.io.tmpdir" value="C:\tmp\" />
    <property name="build.test.results.dir" value="build/test/results" />
    <property name="user.language" value="ru" />
    <property name="libs.spring-framework300.src" value="" />
    <property name="line.separator" value="&#xd;&#xa;" />
    <property name="apple.laf.useScreenMenuBar" value="true" />
    <property name="libs.absolutelayout.src" value="" />
    <property name="javac.compilerargs" value="" />
    <property name="libs.hibernate-support.maven-pom" value="" />
    <property name="jar.compress" value="false" />
    <property name="debug-transport-by-os" value="dt_shmem" />
    <property name="libs.JWSAntTasks.src" value="" />
    <property name="libs.hibernate-persistence.maven-pom" value="" />
    <property name="java.vm.info" value="mixed mode, sharing" />
    <property name="libs.javac-api.maven-pom" value="" />
    <property name="javadoc.private" value="false" />
    <property name="annotation.processing.processors.list" value="" />
    <property name="sun.desktop" value="windows" />
    <property name="java.vm.specification.name" value="Java Virtual Machine Specification" />
    <property name="build.test.classes.dir" value="build/test/classes" />
    <property name="libs.jaxb.src" value="" />
    <property name="libs.MySQLDriver.javadoc" value="" />
    <property name="netbeans.dynamic.classpath" value="C:\Program Files\NetBeans 7.0.1\platform\core\core.jar;C:\Program Files\NetBeans 7.0.1\platform\core\org-openide-filesystems.jar;C:\Program Files\NetBeans 7.0.1\platform\core\locale\core_ja.jar;C:\Program Files\NetBeans 7.0.1\platform\core\locale\core_pt_BR.jar;C:\Program Files\NetBeans 7.0.1\platform\core\locale\core_ru.jar;C:\Program Files\NetBeans 7.0.1\platform\core\locale\core_zh_CN.jar;C:\Program Files\NetBeans 7.0.1\platform\core\locale\org-openide-filesystems_ja.jar;C:\Program Files\NetBeans 7.0.1\platform\core\locale\org-openide-filesystems_pt_BR.jar;C:\Program Files\NetBeans 7.0.1\platform\core\locale\org-openide-filesystems_ru.jar;C:\Program Files\NetBeans 7.0.1\platform\core\locale\org-openide-filesystems_zh_CN.jar;C:\Program Files\NetBeans 7.0.1\nb\core\org-netbeans-upgrader.jar;C:\Program Files\NetBeans 7.0.1\nb\core\locale\core_nb.jar;C:\Program Files\NetBeans 7.0.1\nb\core\locale\core_nb_ja.jar;C:\Program Files\NetBeans 7.0.1\nb\core\locale\core_nb_pt_BR.jar;C:\Program Files\NetBeans 7.0.1\nb\core\locale\core_nb_ru.jar;C:\Program Files\NetBeans 7.0.1\nb\core\locale\core_nb_zh_CN.jar;C:\Program Files\NetBeans 7.0.1\nb\core\locale\org-netbeans-upgrader_ja.jar;C:\Program Files\NetBeans 7.0.1\nb\core\locale\org-netbeans-upgrader_pt_BR.jar;C:\Program Files\NetBeans 7.0.1\nb\core\locale\org-netbeans-upgrader_ru.jar;C:\Program Files\NetBeans 7.0.1\nb\core\locale\org-netbeans-upgrader_zh_CN.jar" />
    <property name="manifest.available+main.class" value="true" />
    <property name="libs.beans-binding.javadoc" value="C:\Program Files\NetBeans 7.0.1\java\docs\beansbinding-1.2.1-doc.zip" />
    <property name="platform.active" value="default_platform" />
    <property name="ap.cmd.line.internal" value="" />
    <property name="jdkBug6558476" value="true" />
    <property name="libs.spring-framework300.classpath" value="C:\Program Files\NetBeans 7.0.1\ide\modules\ext\commons-logging-1.1.jar;C:\Program Files\NetBeans 7.0.1\java\modules\ext\cglib-2.2.jar;C:\Program Files\NetBeans 7.0.1\java\modules\ext\spring-3.0\spring-aop-3.0.2.RELEASE.jar;C:\Program Files\NetBeans 7.0.1\java\modules\ext\spring-3.0\spring-asm-3.0.2.RELEASE.jar;C:\Program Files\NetBeans 7.0.1\java\modules\ext\spring-3.0\spring-aspects-3.0.2.RELEASE.jar;C:\Program Files\NetBeans 7.0.1\java\modules\ext\spring-3.0\spring-beans-3.0.2.RELEASE.jar;C:\Program Files\NetBeans 7.0.1\java\modules\ext\spring-3.0\spring-context-3.0.2.RELEASE.jar;C:\Program Files\NetBeans 7.0.1\java\modules\ext\spring-3.0\spring-context-support-3.0.2.RELEASE.jar;C:\Program Files\NetBeans 7.0.1\java\modules\ext\spring-3.0\spring-core-3.0.2.RELEASE.jar;C:\Program Files\NetBeans 7.0.1\java\modules\ext\spring-3.0\spring-expression-3.0.2.RELEASE.jar;C:\Program Files\NetBeans 7.0.1\java\modules\ext\spring-3.0\spring-instrument-3.0.2.RELEASE.jar;C:\Program Files\NetBeans 7.0.1\java\modules\ext\spring-3.0\spring-instrument-tomcat-3.0.2.RELEASE.jar;C:\Program Files\NetBeans 7.0.1\java\modules\ext\spring-3.0\spring-jdbc-3.0.2.RELEASE.jar;C:\Program Files\NetBeans 7.0.1\java\modules\ext\spring-3.0\spring-jms-3.0.2.RELEASE.jar;C:\Program Files\NetBeans 7.0.1\java\modules\ext\spring-3.0\spring-orm-3.0.2.RELEASE.jar;C:\Program Files\NetBeans 7.0.1\java\modules\ext\spring-3.0\spring-oxm-3.0.2.RELEASE.jar;C:\Program Files\NetBeans 7.0.1\java\modules\ext\spring-3.0\spring-test-3.0.2.RELEASE.jar;C:\Program Files\NetBeans 7.0.1\java\modules\ext\spring-3.0\spring-tx-3.0.2.RELEASE.jar;C:\Program Files\NetBeans 7.0.1\java\modules\ext\spring-3.0\spring-web-3.0.2.RELEASE.jar;C:\Program Files\NetBeans 7.0.1\java\modules\ext\spring-3.0\spring-webmvc-portlet-3.0.2.RELEASE.jar;C:\Program Files\NetBeans 7.0.1\java\modules\ext\spring-3.0\spring-webmvc-3.0.2.RELEASE.jar;C:\Program Files\NetBeans 7.0.1\java\modules\ext\spring-3.0\spring-struts-3.0.2.RELEASE.jar" />
    <property name="ant.file.type.2_Lesson-impl" value="file" />
    <property name="libs.junit_4.javadoc" value="C:\Program Files\NetBeans 7.0.1\java\docs\junit-4.8.2-api.zip" />
    <property name="ant.file.2_Lesson" value="C:\Users\sergey.gradovich\My Dropbox\NetbeansProjects\2_Lesson\build.xml" />
    <property name="libs.spring-framework.src" value="" />
    <property name="netbeans.autoupdate.country" value="US" />
    <property name="libs.beans-binding.maven-pom" value="" />
    <property name="do.mkdist" value="true" />
    <property name="javadoc.encoding" value="UTF-8" />
    <property name="java.awt.printerjob" value="sun.awt.windows.WPrinterJob" />
    <property name="ap.processors.internal" value="" />
    <property name="do.archive" value="true" />
    <property name="dist.jar" value="dist/2_Lesson.jar" />
    <property name="meta.inf.dir" value="src/META-INF" />
    <property name="ant.version" value="Apache Ant(TM) version 1.8.2 compiled on December 20 2010" />
    <property name="netbeans.home" value="C:\Program Files\NetBeans 7.0.1\platform" />
    <property name="javadoc.nonavbar" value="false" />
    <property name="user.properties.file" value="C:\Users\sergey.gradovich\.netbeans\7.0\build.properties" />
    <property name="libs.JWSAntTasks.classpath" value="C:\Program Files\NetBeans 7.0.1\java\ant\extra\org-netbeans-modules-javawebstart-anttasks.jar" />
    <property name="libs.toplink.classpath" value="C:\Program Files\NetBeans 7.0.1\java\modules\ext\toplink\toplink-essentials.jar;C:\Program Files\NetBeans 7.0.1\java\modules\ext\toplink\toplink-essentials-agent.jar" />
    <property name="netbeans.importclass" value="org.netbeans.upgrade.AutoUpgrade" />
    <property name="libs.spring-framework.javadoc" value="" />
    <property name="annotation.processing.source.output" value="build/generated-sources/ap-source-output" />
    <property name="libs.CopyLibs.maven-pom" value="" />
    <property name="build.generated.dir" value="build/generated" />
    <property name="netbeans.home+have.tests" value="true" />
    <property name="libs.eclipselink.maven-pom" value="" />
    <property name="apple.awt.graphics.UseQuartz" value="true" />
    <property name="os.name" value="Windows 7" />
    <property name="java.specification.vendor" value="Sun Microsystems Inc." />
    <property name="run.test.classpath" value=":build/classes:C:\Program Files\NetBeans 7.0.1\platform\modules\ext\junit-4.8.2.jar:build/test/classes" />
    <property name="do.archive+main.class.available" value="true" />
    <property name="java.vm.name" value="Java HotSpot(TM) Client VM" />
    <property name="libs.CopyLibs.src" value="" />
    <property name="manifest.available-mkdist.available" value="true" />
    <property name="org.openide.version" value="deprecated" />
    <property name="libs.beans-binding.src" value="" />
    <property name="libs.junit.classpath" value="C:\Program Files\NetBeans 7.0.1\java\modules\ext\junit-3.8.2.jar" />
    <property name="ap.supported.internal" value="true" />
    <property name="java.library.path" value="C:\Program Files\Java\jdk1.6.0_20\jre\bin;.;C:\Windows\Sun\Java\bin;C:\Windows\system32;C:\Windows;C:\Python26\Scripts;C:\Python26\;C:\Windows\system32;C:\Windows;C:\Windows\System32\Wbem;C:\Windows\System32\WindowsPowerShell\v1.0\;C:\Program Files\TortoiseSVN\bin;c:\QT\4.6.3\bin;C:\android-sdk-windows\platform-tools;C:\Program Files\CMake 2.8\bin;C:\Program Files\SAP\SAP Business One\;c:\Python27\;c:\Program Files\Java\jdk1.6.0_20\bin\;C:\Program Files\GtkSharp\2.12\bin;C:\Program Files\WIDCOMM\Bluetooth Software\;C:\Program Files\SlikSvn\bin\;C:\Program Files\Microsoft SQL Server\100\Tools\Binn\;C:\Program Files\Microsoft SQL Server\100\DTS\Binn\;C:\Program Files\Microsoft SQL Server\100\Tools\Binn\VSShell\Common7\IDE\;C:\Program Files\Microsoft SQL Server\80\Tools\Binn\;C:\Program Files\Microsoft Driver Test Manager\Controller\;c:\Program Files\GnuWin32\bin\;c:\Program Files\SlikSvn\bin\;C:\Users\sergey.gradovich\AppData\Roaming\Python\Scripts;C:\Program Files\Google\google_appengine\" />
    <property name="libs.toplink.javadoc" value="" />
    <property name="libs.PostgreSQLDriver.javadoc" value="" />
    <property name="libs.eclipselinkmodelgen.maven-pom" value="" />
    <property name="ant.java.version" value="1.6" />
    <property name="javadoc.noindex" value="false" />
    <property name="basedir" value="C:\Users\sergey.gradovich\My Dropbox\NetbeansProjects\2_Lesson" />
    <property name="java.class.version" value="50.0" />
    <property name="sun.awt.exception.handler" value="org.netbeans.core.startup.TopLogging$AWTHandler" />
    <property name="javac.test.classpath" value=":build/classes:C:\Program Files\NetBeans 7.0.1\platform\modules\ext\junit-4.8.2.jar" />
    <property name="javac.processorpath" value="" />
    <property name="ant.home" value="C:\Program Files\NetBeans 7.0.1\java\ant" />
    <property name="libs.hibernate-persistence.src" value="" />
    <property name="javadoc.splitindex" value="true" />
    <property name="libs.toplink.src" value="" />
    <property name="libs.javac-api.javadoc" value="" />
    <property name="javac.test.processorpath" value=":build/classes:C:\Program Files\NetBeans 7.0.1\platform\modules\ext\junit-4.8.2.jar" />
    <property name="javadoc.preview" value="true" />
    <property name="libs.MySQLDriver.maven-pom" value="" />
    <property name="libs.CopyLibs.javadoc" value="" />
    <property name="libs.PostgreSQLDriver.classpath" value="C:\Program Files\NetBeans 7.0.1\ide\modules\ext\postgresql-8.3-603.jdbc3.jar" />
    <property name="junit.forkmode" value="perTest" />
    <property name="libs.jaxws21.maven-pom" value="" />
    <property name="libs.junit_4.classpath" value="C:\Program Files\NetBeans 7.0.1\platform\modules\ext\junit-4.8.2.jar" />
    <property name="build.dir" value="build" />
    <property name="sun.boot.library.path" value="C:\Program Files\Java\jdk1.6.0_20\jre\bin" />
    <property name="sun.management.compiler" value="HotSpot Client Compiler" />
    <property name="libs.swing-app-framework.classpath" value="C:\Program Files\NetBeans 7.0.1\java\modules\ext\appframework-1.0.3.jar;C:\Program Files\NetBeans 7.0.1\java\modules\ext\swing-worker-1.1.jar" />
    <property name="libs.ejb3-persistence.javadoc" value="" />
    <property name="user.variant" value="" />
    <property name="java.awt.graphicsenv" value="sun.awt.Win32GraphicsEnvironment" />
    <property name="javadoc.encoding.used" value="UTF-8" />
    <property name="javadoc.windowtitle" value="" />
    <property name="libs.hibernate-support.src" value="" />
    <property name="annotation.processing.enabled" value="true" />
    <property name="build.generated.sources.dir" value="build/generated-sources" />
    <property name="run.jvmargs" value="" />
    <property name="build.compiler.emacs" value="true" />
    <property name="ant.project.name" value="2_Lesson" />
    <property name="libs.swing-layout.classpath" value="C:\Program Files\NetBeans 7.0.1\platform\modules\ext\swing-layout-1.0.4.jar" />
    <property name="libs.spring-framework.classpath" value="C:\Program Files\NetBeans 7.0.1\ide\modules\ext\commons-logging-1.1.jar;C:\Program Files\NetBeans 7.0.1\java\modules\ext\cglib-2.2.jar;C:\Program Files\NetBeans 7.0.1\java\modules\ext\spring\spring-2.5.6.SEC01.jar" />
    <property name="java.vm.specification.version" value="1.0" />
    <property name="libs.jaxb.classpath" value="C:\Program Files\NetBeans 7.0.1\ide\modules\ext\jaxb\jaxb-impl.jar;C:\Program Files\NetBeans 7.0.1\ide\modules\ext\jaxb\jaxb-xjc.jar;C:\Program Files\NetBeans 7.0.1\ide\modules\ext\jaxb\jaxb1-impl.jar;C:\Program Files\NetBeans 7.0.1\ide\modules\ext\jaxb\activation.jar;C:\Program Files\NetBeans 7.0.1\ide\modules\ext\jaxb\api\jaxb-api.jar;C:\Program Files\NetBeans 7.0.1\ide\modules\ext\jaxb\api\jsr173_api.jar" />
    <property name="work.dir" value="C:\Users\sergey.gradovich\My Dropbox\NetbeansProjects\2_Lesson" />
    <property name="awt.toolkit" value="sun.awt.windows.WToolkit" />
    <property name="manifest.available+main.class-mkdist.available" value="true" />
    <property name="javadoc.use" value="true" />
    <property name="sun.cpu.isalist" value="pentium_pro+mmx pentium_pro pentium+mmx pentium i486 i386 i86" />
    <property name="java.ext.dirs" value="C:\Program Files\Java\jdk1.6.0_20\jre\lib\ext;C:\Windows\Sun\Java\lib\ext" />
    <property name="os.version" value="6.1" />
    <property name="excludes" value="" />
    <property name="user.home" value="C:\Users\sergey.gradovich" />
    <property name="org.xml.sax.driver" value="com.sun.org.apache.xerces.internal.jaxp.SAXParserImpl$JAXPSAXParser" />
    <property name="java.vm.vendor" value="Sun Microsystems Inc." />
    <property name="libs.absolutelayout.maven-pom" value="" />
    <property name="user.dir" value="C:\Users\sergey.gradovich\My Dropbox\NetbeansProjects\2_Lesson" />
    <property name="debug-transport" value="dt_shmem" />
    <property name="libs.ejb3-persistence.maven-pom" value="" />
    <property name="application.args" value="" />
    <property name="sun.cpu.endian" value="little" />
    <property name="compile.on.save" value="true" />
    <property name="ignore.failing.tests" value="true" />
    <property name="libs.hibernate-support.classpath" value="C:\Program Files\NetBeans 7.0.1\java\modules\ext\hibernate\antlr-2.7.6.jar;C:\Program Files\NetBeans 7.0.1\java\modules\ext\hibernate\asm.jar;C:\Program Files\NetBeans 7.0.1\java\modules\ext\hibernate\asm-attrs.jar;C:\Program Files\NetBeans 7.0.1\java\modules\ext\hibernate\cglib-2.1.3.jar;C:\Program Files\NetBeans 7.0.1\java\modules\ext\hibernate\commons-collections-2.1.1.jar;C:\Program Files\NetBeans 7.0.1\ide\modules\ext\commons-logging-1.1.jar;C:\Program Files\NetBeans 7.0.1\java\modules\ext\hibernate\dom4j-1.6.1.jar;C:\Program Files\NetBeans 7.0.1\java\modules\ext\hibernate\ehcache-1.2.3.jar;C:\Program Files\NetBeans 7.0.1\java\modules\ext\hibernate\jdbc2_0-stdext.jar;C:\Program Files\NetBeans 7.0.1\java\modules\ext\hibernate\jta.jar;C:\Program Files\NetBeans 7.0.1\java\modules\ext\hibernate\hibernate3.jar;C:\Program Files\NetBeans 7.0.1\java\modules\ext\hibernate\hibernate-tools.jar;C:\Program Files\NetBeans 7.0.1\java\modules\ext\hibernate\hibernate-annotations.jar;C:\Program Files\NetBeans 7.0.1\java\modules\ext\hibernate\hibernate-commons-annotations.jar;C:\Program Files\NetBeans 7.0.1\java\modules\ext\hibernate\hibernate-entitymanager.jar;C:\Program Files\NetBeans 7.0.1\java\modules\ext\hibernate\javassist.jar" />
    <property name="libs.eclipselinkmodelgen.javadoc" value="" />
    <property name="endorsed.classpath.cmd.line.arg" value="-Xbootclasspath/p:&apos;C:\Users\sergey.gradovich\My Dropbox\NetbeansProjects\2_Lesson\${endorsed.classpath}&apos;" />
    <property name="jar.index" value="false" />
    <property name="ant.file.2_Lesson-impl" value="C:\Users\sergey.gradovich\My Dropbox\NetbeansProjects\2_Lesson\nbproject\build-impl.xml" />
    <property name="libs.spring-framework300.javadoc" value="" />
    <property name="libs.MySQLDriver.src" value="" />
    <property name="java.vm.version" value="16.3-b01" />
    <property name="java.class.path" value="C:\Users\sergey.gradovich\My Dropbox\NetbeansProjects\2_Lesson\build\classes;C:\Program Files\NetBeans 7.0.1\platform\modules\ext\junit-4.8.2.jar;C:\Users\sergey.gradovich\My Dropbox\NetbeansProjects\2_Lesson\build\test\classes;C:\Program Files\NetBeans 7.0.1\java\ant\lib\ant-launcher.jar;C:\Program Files\NetBeans 7.0.1\java\ant\lib\ant.jar;C:\Program Files\NetBeans 7.0.1\java\ant\lib\ant-junit.jar;C:\Program Files\NetBeans 7.0.1\java\ant\lib\ant-junit4.jar" />
    <property name="libs.hibernate-persistence.classpath" value="C:\Program Files\NetBeans 7.0.1\java\modules\ext\hibernate\antlr-2.7.6.jar;C:\Program Files\NetBeans 7.0.1\java\modules\ext\hibernate\asm.jar;C:\Program Files\NetBeans 7.0.1\java\modules\ext\hibernate\asm-attrs.jar;C:\Program Files\NetBeans 7.0.1\java\modules\ext\hibernate\cglib-2.1.3.jar;C:\Program Files\NetBeans 7.0.1\java\modules\ext\hibernate\commons-collections-2.1.1.jar;C:\Program Files\NetBeans 7.0.1\ide\modules\ext\commons-logging-1.1.jar;C:\Program Files\NetBeans 7.0.1\java\modules\ext\hibernate\dom4j-1.6.1.jar;C:\Program Files\NetBeans 7.0.1\java\modules\ext\hibernate\ehcache-1.2.3.jar;C:\Program Files\NetBeans 7.0.1\java\modules\ext\hibernate\jdbc2_0-stdext.jar;C:\Program Files\NetBeans 7.0.1\java\modules\ext\hibernate\jta.jar;C:\Program Files\NetBeans 7.0.1\java\modules\ext\hibernate\hibernate3.jar;C:\Program Files\NetBeans 7.0.1\java\modules\ext\hibernate\hibernate-tools.jar;C:\Program Files\NetBeans 7.0.1\java\modules\ext\hibernate\hibernate-annotations.jar;C:\Program Files\NetBeans 7.0.1\java\modules\ext\hibernate\hibernate-commons-annotations.jar;C:\Program Files\NetBeans 7.0.1\java\modules\ext\hibernate\hibernate-entitymanager.jar;C:\Program Files\NetBeans 7.0.1\java\modules\ext\hibernate\javassist.jar;C:\Program Files\NetBeans 7.0.1\java\modules\ext\hibernate\ejb3-persistence.jar" />
    <property name="annotation.processing.processor.options" value="" />
    <property name="os.arch" value="x86" />
    <property name="javac.deprecation" value="false" />
    <property name="build.classes.excludes" value="**/*.java,**/*.form" />
    <property name="dist.dir" value="dist" />
    <property name="netbeans.user" value="C:\Users\sergey.gradovich\.netbeans\7.0" />
    <property name="debug.classpath" value=":build/classes" />
    <property name="sun.java.launcher" value="SUN_STANDARD" />
    <property name="jar.index.metainf" value="false" />
    <property name="annotation.processing.enabled.in.editor" value="false" />
    <property name="ant.core.lib" value="C:\Program Files\NetBeans 7.0.1\java\ant\lib\ant.jar" />
    <property name="java.vm.specification.vendor" value="Sun Microsystems Inc." />
    <property name="do.depend" value="false" />
    <property name="file.separator" value="\" />
    <property name="java.runtime.version" value="1.6.0_20-b02" />
    <property name="debug.test.classpath" value=":build/classes:C:\Program Files\NetBeans 7.0.1\platform\modules\ext\junit-4.8.2.jar:build/test/classes" />
    <property name="sun.boot.class.path" value="C:\Users\sergey.gradovich\My Dropbox\NetbeansProjects\2_Lesson\${endorsed.classpath};C:\Program Files\Java\jdk1.6.0_20\jre\lib\resources.jar;C:\Program Files\Java\jdk1.6.0_20\jre\lib\rt.jar;C:\Program Files\Java\jdk1.6.0_20\jre\lib\sunrsasign.jar;C:\Program Files\Java\jdk1.6.0_20\jre\lib\jsse.jar;C:\Program Files\Java\jdk1.6.0_20\jre\lib\jce.jar;C:\Program Files\Java\jdk1.6.0_20\jre\lib\charsets.jar;C:\Program Files\Java\jdk1.6.0_20\jre\classes" />
    <property name="libs.beans-binding.classpath" value="C:\Program Files\NetBeans 7.0.1\java\modules\ext\beansbinding-1.2.1.jar" />
    <property name="have.tests" value="true" />
    <property name="main.class" value="pkg2_lesson.Main" />
    <property name="libs.JWSAntTasks.maven-pom" value="" />
    <property name="java.util.logging.config.class" value="org.netbeans.core.startup.TopLogging" />
    <property name="libs.javac-api.classpath" value="C:\Program Files\NetBeans 7.0.1\java\modules\ext\javac-api-nb-7.0-b07.jar" />
    <property name="user.country" value="RU" />
    <property name="javadoc.notree" value="false" />
    <property name="libs.spring-framework300.maven-pom" value="" />
    <property name="ant.file.type.2_Lesson" value="file" />
    <property name="libs.jaxws21.javadoc" value="C:\Program Files\NetBeans 7.0.1\java\docs\jaxws-api-doc.zip" />
    <property name="default.javac.target" value="1.6" />
    <property name="javadoc.additionalparam" value="" />
    <property name="javac.classpath" value="" />
    <property name="build.classes.dir" value="build/classes" />
    <property name="do.archive+manifest.available" value="true" />
    <property name="libs.swing-layout.javadoc" value="C:\Program Files\NetBeans 7.0.1\platform\docs\swing-layout-1.0.4-doc.zip" />
    <property name="libs.swing-layout.src" value="C:\Program Files\NetBeans 7.0.1\platform\docs\swing-layout-1.0.4-src.zip" />
    <property name="java.vendor" value="Sun Microsystems Inc." />
    <property name="javac.target" value="1.6" />
    <property name="libs.eclipselink.classpath" value="C:\Program Files\NetBeans 7.0.1\java\modules\ext\eclipselink\eclipselink-2.2.0.jar;C:\Program Files\NetBeans 7.0.1\java\modules\ext\eclipselink\eclipselink-javax.persistence-2.0.jar" />
    <property name="runtime.encoding" value="UTF-8" />
    <property name="libs.swing-app-framework.src" value="" />
    <property name="java.specification.version" value="1.6" />
    <property name="libs.JWSAntTasks.javadoc" value="" />
    <property name="mkdist.disabled" value="false" />
    <property name="sun.arch.data.model" value="32" />
  </properties>
  <testcase classname="pkg2_lesson.CalcTest" name="testPerformSimpleAction" time="0.0090" />
  <testcase classname="pkg2_lesson.CalcTest" name="testPerformSimpleActionWithWrongOperations" time="0.0" />
  <system-out><![CDATA[PerformSimpleAction
PerformSimpleAction
[Error] Wrong operation.
[Error] Wrong operation.
]]></system-out>
  <system-err><![CDATA[]]></system-err>
</testsuite>
